[debug] [2024-08-03T17:03:51.808Z] ----------------------------------------------------------------------
[debug] [2024-08-03T17:03:51.811Z] Command:       /Users/tomas/.nvm/versions/node/v20.10.0/bin/node /Users/tomas/.nvm/versions/node/v20.10.0/bin/firebase apphosting:backends:create --project tindog-4edd4 --location us-central1
[debug] [2024-08-03T17:03:51.811Z] CLI Version:   13.11.2
[debug] [2024-08-03T17:03:51.811Z] Platform:      darwin
[debug] [2024-08-03T17:03:51.811Z] Node Version:  v20.10.0
[debug] [2024-08-03T17:03:51.811Z] Time:          Sat Aug 03 2024 12:03:51 GMT-0500 (Ecuador Time)
[debug] [2024-08-03T17:03:51.811Z] ----------------------------------------------------------------------
[debug] 
[debug] [2024-08-03T17:03:51.816Z] > refreshing access token with scopes: []
[debug] [2024-08-03T17:03:51.817Z] >>> [apiv2][query] POST https://www.googleapis.com/oauth2/v3/token [none]
[debug] [2024-08-03T17:03:51.817Z] >>> [apiv2][body] POST https://www.googleapis.com/oauth2/v3/token [omitted]
[debug] [2024-08-03T17:03:52.194Z] <<< [apiv2][status] POST https://www.googleapis.com/oauth2/v3/token 200
[debug] [2024-08-03T17:03:52.194Z] <<< [apiv2][body] POST https://www.googleapis.com/oauth2/v3/token [omitted]
[debug] [2024-08-03T17:03:52.211Z] >>> [apiv2][query] GET https://serviceusage.googleapis.com/v1/projects/tindog-4edd4/services/firebaseapphosting.googleapis.com [none]
[debug] [2024-08-03T17:03:52.211Z] >>> [apiv2][(partial)header] GET https://serviceusage.googleapis.com/v1/projects/tindog-4edd4/services/firebaseapphosting.googleapis.com x-goog-quota-user=projects/tindog-4edd4
[debug] [2024-08-03T17:03:53.081Z] <<< [apiv2][status] GET https://serviceusage.googleapis.com/v1/projects/tindog-4edd4/services/firebaseapphosting.googleapis.com 200
[debug] [2024-08-03T17:03:53.081Z] <<< [apiv2][body] GET https://serviceusage.googleapis.com/v1/projects/tindog-4edd4/services/firebaseapphosting.googleapis.com [omitted]
[debug] [2024-08-03T17:03:53.082Z] >>> [apiv2][query] GET https://mobilesdk-pa.googleapis.com/v1/accessmanagement/tos:getStatus [none]
[debug] [2024-08-03T17:03:53.600Z] <<< [apiv2][status] GET https://mobilesdk-pa.googleapis.com/v1/accessmanagement/tos:getStatus 200
[debug] [2024-08-03T17:03:53.601Z] <<< [apiv2][body] GET https://mobilesdk-pa.googleapis.com/v1/accessmanagement/tos:getStatus {"overallStatus":"ACCEPTED","uTosStatus":{"tos":{"id":"firebase","tosId":"FIREBASE_UNIVERSAL"},"status":"ACCEPTED"},"childTosStatus":[{"tos":{"id":"cloud","tosId":"CLOUD_PLATFORM"},"status":"ACCEPTED"},{"tos":{"id":"firebase_b2b","tosId":"FIREBASE_B2B"},"status":"ACCEPTED"},{"tos":{"id":"universal","tosId":"GOOGLE_APIS"},"status":"ACCEPTED"}],"termsUrl":"https://firebase.google.com/terms","perServiceStatus":[{"tosId":"APP_CHECK","serviceStatus":{"tos":{"id":"app_check","tosId":"APP_CHECK"},"status":"ACCEPTED"}},{"tosId":"APP_HOSTING_TOS","serviceStatus":{"tos":{"id":"app_hosting","tosId":"APP_HOSTING_TOS"},"status":"ACCEPTED"}},{"tosId":"APP_HOSTING_TOS","serviceStatus":{"tos":{"id":"app_hosting","tosId":"APP_HOSTING_TOS"},"status":"ACCEPTED"}},{"tosId":"CORE_APPS","serviceStatus":{"tos":{"id":"core_apps","tosId":"CORE_APPS"},"status":"ACCEPTED"}},{"tosId":"FIREBASE_CRASHLYTICS_APP_DISTRIBUTION","serviceStatus":{"tos":{"id":"firebase_crashlytics_app_distribution","tosId":"FIREBASE_CRASHLYTICS_APP_DISTRIBUTION"},"status":"ACCEPTED"}},{"tosId":"GENERATIVE_LANGUAGE","serviceStatus":{"tos":{"id":"generative-language-api","tosId":"GENERATIVE_LANGUAGE"},"status":"ACCEPTED"}},{"tosId":"FIREBASE_DATA_CONNECT","serviceStatus":{"tos":{"id":"data_connect","tosId":"FIREBASE_DATA_CONNECT"},"status":"ACCEPTED"}}]}
[debug] [2024-08-03T17:03:53.601Z] >>> [apiv2][query] GET https://serviceusage.googleapis.com/v1/projects/tindog-4edd4/services/developerconnect.googleapis.com [none]
[debug] [2024-08-03T17:03:53.601Z] >>> [apiv2][(partial)header] GET https://serviceusage.googleapis.com/v1/projects/tindog-4edd4/services/developerconnect.googleapis.com x-goog-quota-user=projects/tindog-4edd4
[debug] [2024-08-03T17:03:53.602Z] >>> [apiv2][query] GET https://serviceusage.googleapis.com/v1/projects/tindog-4edd4/services/cloudbuild.googleapis.com [none]
[debug] [2024-08-03T17:03:53.602Z] >>> [apiv2][(partial)header] GET https://serviceusage.googleapis.com/v1/projects/tindog-4edd4/services/cloudbuild.googleapis.com x-goog-quota-user=projects/tindog-4edd4
[debug] [2024-08-03T17:03:53.603Z] >>> [apiv2][query] GET https://serviceusage.googleapis.com/v1/projects/tindog-4edd4/services/secretmanager.googleapis.com [none]
[debug] [2024-08-03T17:03:53.604Z] >>> [apiv2][(partial)header] GET https://serviceusage.googleapis.com/v1/projects/tindog-4edd4/services/secretmanager.googleapis.com x-goog-quota-user=projects/tindog-4edd4
[debug] [2024-08-03T17:03:53.605Z] >>> [apiv2][query] GET https://serviceusage.googleapis.com/v1/projects/tindog-4edd4/services/run.googleapis.com [none]
[debug] [2024-08-03T17:03:53.605Z] >>> [apiv2][(partial)header] GET https://serviceusage.googleapis.com/v1/projects/tindog-4edd4/services/run.googleapis.com x-goog-quota-user=projects/tindog-4edd4
[debug] [2024-08-03T17:03:53.606Z] >>> [apiv2][query] GET https://serviceusage.googleapis.com/v1/projects/tindog-4edd4/services/artifactregistry.googleapis.com [none]
[debug] [2024-08-03T17:03:53.606Z] >>> [apiv2][(partial)header] GET https://serviceusage.googleapis.com/v1/projects/tindog-4edd4/services/artifactregistry.googleapis.com x-goog-quota-user=projects/tindog-4edd4
[debug] [2024-08-03T17:03:53.607Z] >>> [apiv2][query] GET https://serviceusage.googleapis.com/v1/projects/tindog-4edd4/services/iam.googleapis.com [none]
[debug] [2024-08-03T17:03:53.607Z] >>> [apiv2][(partial)header] GET https://serviceusage.googleapis.com/v1/projects/tindog-4edd4/services/iam.googleapis.com x-goog-quota-user=projects/tindog-4edd4
[debug] [2024-08-03T17:03:54.237Z] <<< [apiv2][status] GET https://serviceusage.googleapis.com/v1/projects/tindog-4edd4/services/developerconnect.googleapis.com 200
[debug] [2024-08-03T17:03:54.237Z] <<< [apiv2][body] GET https://serviceusage.googleapis.com/v1/projects/tindog-4edd4/services/developerconnect.googleapis.com [omitted]
[debug] [2024-08-03T17:03:54.408Z] <<< [apiv2][status] GET https://serviceusage.googleapis.com/v1/projects/tindog-4edd4/services/secretmanager.googleapis.com 200
[debug] [2024-08-03T17:03:54.408Z] <<< [apiv2][body] GET https://serviceusage.googleapis.com/v1/projects/tindog-4edd4/services/secretmanager.googleapis.com [omitted]
[debug] [2024-08-03T17:03:54.437Z] <<< [apiv2][status] GET https://serviceusage.googleapis.com/v1/projects/tindog-4edd4/services/cloudbuild.googleapis.com 200
[debug] [2024-08-03T17:03:54.438Z] <<< [apiv2][body] GET https://serviceusage.googleapis.com/v1/projects/tindog-4edd4/services/cloudbuild.googleapis.com [omitted]
[debug] [2024-08-03T17:03:54.441Z] <<< [apiv2][status] GET https://serviceusage.googleapis.com/v1/projects/tindog-4edd4/services/artifactregistry.googleapis.com 200
[debug] [2024-08-03T17:03:54.441Z] <<< [apiv2][body] GET https://serviceusage.googleapis.com/v1/projects/tindog-4edd4/services/artifactregistry.googleapis.com [omitted]
[debug] [2024-08-03T17:03:54.464Z] <<< [apiv2][status] GET https://serviceusage.googleapis.com/v1/projects/tindog-4edd4/services/run.googleapis.com 200
[debug] [2024-08-03T17:03:54.465Z] <<< [apiv2][body] GET https://serviceusage.googleapis.com/v1/projects/tindog-4edd4/services/run.googleapis.com [omitted]
[debug] [2024-08-03T17:03:54.486Z] <<< [apiv2][status] GET https://serviceusage.googleapis.com/v1/projects/tindog-4edd4/services/iam.googleapis.com 200
[debug] [2024-08-03T17:03:54.486Z] <<< [apiv2][body] GET https://serviceusage.googleapis.com/v1/projects/tindog-4edd4/services/iam.googleapis.com [omitted]
[debug] [2024-08-03T17:03:54.487Z] >>> [apiv2][query] POST https://iam.googleapis.com/v1/projects/tindog-4edd4/serviceAccounts/firebase-app-hosting-compute@tindog-4edd4.iam.gserviceaccount.com:testIamPermissions [none]
[debug] [2024-08-03T17:03:54.488Z] >>> [apiv2][(partial)header] POST https://iam.googleapis.com/v1/projects/tindog-4edd4/serviceAccounts/firebase-app-hosting-compute@tindog-4edd4.iam.gserviceaccount.com:testIamPermissions x-goog-quota-user=projects/tindog-4edd4
[debug] [2024-08-03T17:03:54.488Z] >>> [apiv2][body] POST https://iam.googleapis.com/v1/projects/tindog-4edd4/serviceAccounts/firebase-app-hosting-compute@tindog-4edd4.iam.gserviceaccount.com:testIamPermissions {"permissions":["iam.serviceAccounts.actAs"]}
[debug] [2024-08-03T17:03:55.154Z] <<< [apiv2][status] POST https://iam.googleapis.com/v1/projects/tindog-4edd4/serviceAccounts/firebase-app-hosting-compute@tindog-4edd4.iam.gserviceaccount.com:testIamPermissions 200
[debug] [2024-08-03T17:03:55.155Z] <<< [apiv2][body] POST https://iam.googleapis.com/v1/projects/tindog-4edd4/serviceAccounts/firebase-app-hosting-compute@tindog-4edd4.iam.gserviceaccount.com:testIamPermissions {"permissions":["iam.serviceAccounts.actAs"]}
[debug] [2024-08-03T17:03:55.156Z] >>> [apiv2][query] GET https://firebaseapphosting.googleapis.com/v1alpha/projects/tindog-4edd4/locations 
[debug] [2024-08-03T17:03:56.004Z] <<< [apiv2][status] GET https://firebaseapphosting.googleapis.com/v1alpha/projects/tindog-4edd4/locations 200
[debug] [2024-08-03T17:03:56.004Z] <<< [apiv2][body] GET https://firebaseapphosting.googleapis.com/v1alpha/projects/tindog-4edd4/locations {"locations":[{"name":"projects/tindog-4edd4/locations/us-central1","locationId":"us-central1"}]}
[info] i  === Import a GitHub repository 
[debug] [2024-08-03T17:03:56.006Z] >>> [apiv2][query] GET https://developerconnect.googleapis.com/v1/projects/tindog-4edd4/locations/us-central1/connections/apphosting-github-oauth [none]
[debug] [2024-08-03T17:03:56.890Z] <<< [apiv2][status] GET https://developerconnect.googleapis.com/v1/projects/tindog-4edd4/locations/us-central1/connections/apphosting-github-oauth 404
[debug] [2024-08-03T17:03:56.890Z] <<< [apiv2][body] GET https://developerconnect.googleapis.com/v1/projects/tindog-4edd4/locations/us-central1/connections/apphosting-github-oauth {"error":{"code":404,"message":"Resource 'projects/tindog-4edd4/locations/us-central1/connections/apphosting-github-oauth' was not found","status":"NOT_FOUND","details":[{"@type":"type.googleapis.com/google.rpc.ResourceInfo","resourceName":"projects/tindog-4edd4/locations/us-central1/connections/apphosting-github-oauth"}]}}
[debug] [2024-08-03T17:03:56.893Z] >>> [apiv2][query] GET https://firebase.googleapis.com/v1beta1/projects/tindog-4edd4 [none]
[debug] [2024-08-03T17:03:57.536Z] <<< [apiv2][status] GET https://firebase.googleapis.com/v1beta1/projects/tindog-4edd4 200
[debug] [2024-08-03T17:03:57.536Z] <<< [apiv2][body] GET https://firebase.googleapis.com/v1beta1/projects/tindog-4edd4 {"projectId":"tindog-4edd4","projectNumber":"945523259593","displayName":"tindog","name":"projects/tindog-4edd4","resources":{"hostingSite":"tindog-4edd4","storageBucket":"tindog-4edd4.appspot.com","locationId":"us-central"},"state":"ACTIVE","etag":"1_5c972175-8e91-4e4b-9470-5d3259dacc0a"}
[debug] [2024-08-03T17:03:57.537Z] >>> [apiv2][query] POST https://cloudresourcemanager.googleapis.com/v1/projects/tindog-4edd4:getIamPolicy [none]
[debug] [2024-08-03T17:03:58.287Z] <<< [apiv2][status] POST https://cloudresourcemanager.googleapis.com/v1/projects/tindog-4edd4:getIamPolicy 200
[debug] [2024-08-03T17:03:58.287Z] <<< [apiv2][body] POST https://cloudresourcemanager.googleapis.com/v1/projects/tindog-4edd4:getIamPolicy {"version":1,"etag":"BwYeyjGNWMQ=","bindings":[{"role":"roles/aiplatform.user","members":["serviceAccount:firebase-adminsdk-r5rzc@tindog-4edd4.iam.gserviceaccount.com"]},{"role":"roles/artifactregistry.serviceAgent","members":["serviceAccount:service-945523259593@gcp-sa-artifactregistry.iam.gserviceaccount.com"]},{"role":"roles/cloudbuild.builds.builder","members":["serviceAccount:945523259593@cloudbuild.gserviceaccount.com"]},{"role":"roles/cloudbuild.serviceAgent","members":["serviceAccount:service-945523259593@gcp-sa-cloudbuild.iam.gserviceaccount.com"]},{"role":"roles/cloudfunctions.admin","members":["serviceAccount:firebase-adminsdk-r5rzc@tindog-4edd4.iam.gserviceaccount.com"]},{"role":"roles/cloudfunctions.serviceAgent","members":["serviceAccount:service-945523259593@gcf-admin-robot.iam.gserviceaccount.com"]},{"role":"roles/cloudtasks.serviceAgent","members":["serviceAccount:service-945523259593@gcp-sa-cloudtasks.iam.gserviceaccount.com"]},{"role":"roles/compute.serviceAgent","members":["serviceAccount:service-945523259593@compute-system.iam.gserviceaccount.com"]},{"role":"roles/containerregistry.ServiceAgent","members":["serviceAccount:service-945523259593@containerregistry.iam.gserviceaccount.com"]},{"role":"roles/developerconnect.readTokenAccessor","members":["serviceAccount:firebase-app-hosting-compute@tindog-4edd4.iam.gserviceaccount.com"]},{"role":"roles/editor","members":["serviceAccount:945523259593-compute@developer.gserviceaccount.com","serviceAccount:945523259593@cloudservices.gserviceaccount.com","serviceAccount:tindog-4edd4@appspot.gserviceaccount.com"]},{"role":"roles/eventarc.eventReceiver","members":["serviceAccount:945523259593-compute@developer.gserviceaccount.com"]},{"role":"roles/eventarc.serviceAgent","members":["serviceAccount:service-945523259593@gcp-sa-eventarc.iam.gserviceaccount.com"]},{"role":"roles/firebase.managementServiceAgent","members":["serviceAccount:firebase-service-account@firebase-sa-management.iam.gserviceaccount.com","serviceAccount:service-945523259593@gcp-sa-firebase.iam.gserviceaccount.com"]},{"role":"roles/firebase.sdkAdminServiceAgent","members":["serviceAccount:firebase-adminsdk-r5rzc@tindog-4edd4.iam.gserviceaccount.com","serviceAccount:firebase-app-hosting-compute@tindog-4edd4.iam.gserviceaccount.com"]},{"role":"roles/firebaseapphosting.computeRunner","members":["serviceAccount:firebase-app-hosting-compute@tindog-4edd4.iam.gserviceaccount.com"]},{"role":"roles/firebaseauth.admin","members":["serviceAccount:firebase-adminsdk-r5rzc@tindog-4edd4.iam.gserviceaccount.com"]},{"role":"roles/firebasemods.serviceAgent","members":["serviceAccount:service-945523259593@gcp-sa-firebasemods.iam.gserviceaccount.com"]},{"role":"roles/firebaserules.firestoreServiceAgent","members":["serviceAccount:service-945523259593@gcp-sa-firebasestorage.iam.gserviceaccount.com"]},{"role":"roles/firebaserules.system","members":["serviceAccount:service-945523259593@firebase-rules.iam.gserviceaccount.com"]},{"role":"roles/firebasestorage.serviceAgent","members":["serviceAccount:service-945523259593@gcp-sa-firebasestorage.iam.gserviceaccount.com"]},{"role":"roles/firestore.serviceAgent","members":["serviceAccount:service-945523259593@gcp-sa-firestore.iam.gserviceaccount.com"]},{"role":"roles/iam.serviceAccountTokenCreator","members":["serviceAccount:firebase-adminsdk-r5rzc@tindog-4edd4.iam.gserviceaccount.com","serviceAccount:service-945523259593@gcp-sa-pubsub.iam.gserviceaccount.com"]},{"role":"roles/owner","members":["user:betticarrizo@gmail.com","user:tpiaggio7@gmail.com"]},{"role":"roles/run.invoker","members":["serviceAccount:945523259593-compute@developer.gserviceaccount.com"]},{"role":"roles/run.serviceAgent","members":["serviceAccount:service-945523259593@serverless-robot-prod.iam.gserviceaccount.com"]},{"role":"roles/secretmanager.admin","members":["serviceAccount:service-945523259593@gcp-sa-devconnect.iam.gserviceaccount.com"]},{"role":"roles/secretmanager.admin_withcond_884f0fc86e315c87f02f","members":["serviceAccount:service-945523259593@gcp-sa-devconnect.iam.gserviceaccount.com"]},{"role":"roles/storage.admin","members":["serviceAccount:ext-storage-resize-images@tindog-4edd4.iam.gserviceaccount.com","serviceAccount:firebase-adminsdk-r5rzc@tindog-4edd4.iam.gserviceaccount.com"]}]}
[info] i  secret manager admin role already granted 
[debug] [2024-08-03T17:03:58.289Z] >>> [apiv2][query] POST https://developerconnect.googleapis.com/v1/projects/tindog-4edd4/locations/us-central1/connections connectionId=apphosting-github-oauth
[debug] [2024-08-03T17:03:58.289Z] >>> [apiv2][body] POST https://developerconnect.googleapis.com/v1/projects/tindog-4edd4/locations/us-central1/connections {"githubConfig":{"githubApp":"FIREBASE"}}
[debug] [2024-08-03T17:03:58.922Z] <<< [apiv2][status] POST https://developerconnect.googleapis.com/v1/projects/tindog-4edd4/locations/us-central1/connections 200
[debug] [2024-08-03T17:03:58.922Z] <<< [apiv2][body] POST https://developerconnect.googleapis.com/v1/projects/tindog-4edd4/locations/us-central1/connections {"name":"projects/tindog-4edd4/locations/us-central1/operations/operation-1722704638534-61eca6e0862cb-ba36eb8f-71752502","metadata":{"@type":"type.googleapis.com/google.cloud.developerconnect.v1.OperationMetadata","createTime":"2024-08-03T17:03:58.947105984Z","target":"projects/tindog-4edd4/locations/us-central1/connections/apphosting-github-oauth","verb":"create","requestedCancellation":false,"apiVersion":"v1"},"done":false}
[debug] [2024-08-03T17:03:58.925Z] >>> [apiv2][query] GET https://developerconnect.googleapis.com/v1/projects/tindog-4edd4/locations/us-central1/operations/operation-1722704638534-61eca6e0862cb-ba36eb8f-71752502 [none]
[debug] [2024-08-03T17:03:59.104Z] <<< [apiv2][status] GET https://developerconnect.googleapis.com/v1/projects/tindog-4edd4/locations/us-central1/operations/operation-1722704638534-61eca6e0862cb-ba36eb8f-71752502 200
[debug] [2024-08-03T17:03:59.104Z] <<< [apiv2][body] GET https://developerconnect.googleapis.com/v1/projects/tindog-4edd4/locations/us-central1/operations/operation-1722704638534-61eca6e0862cb-ba36eb8f-71752502 {"name":"projects/tindog-4edd4/locations/us-central1/operations/operation-1722704638534-61eca6e0862cb-ba36eb8f-71752502","metadata":{"@type":"type.googleapis.com/google.cloud.developerconnect.v1.OperationMetadata","createTime":"2024-08-03T17:03:58.947105984Z","endTime":"2024-08-03T17:03:58.988444551Z","target":"projects/tindog-4edd4/locations/us-central1/connections/apphosting-github-oauth","verb":"create","requestedCancellation":false,"apiVersion":"v1"},"done":true,"response":{"@type":"type.googleapis.com/google.cloud.developerconnect.v1.Connection","name":"projects/tindog-4edd4/locations/us-central1/connections/apphosting-github-oauth","createTime":"2024-08-03T17:03:58.941685383Z","updateTime":"2024-08-03T17:03:58.941685383Z","githubConfig":{"githubApp":"FIREBASE"},"installationState":{"stage":"PENDING_USER_OAUTH","message":"Please log in to https://github.com using a robot account and then follow this link to authorize Developer Connect to access that account. After authorization, your GitHub authorization token will be stored in Cloud Secret Manager.","actionUri":"https://accounts.google.com/AccountChooser?continue=https%3A%2F%2Fconsole.cloud.google.com%2Fdeveloper-connect%2Ffinish-setup%3Fstate%3D%257B%2522connection%2522%253A%2B%2522projects%252Ftindog-4edd4%252Flocations%252Fus-central1%252Fconnections%252Fapphosting-github-oauth%2522%257D"}}}
[info] i  Please authorize the Firebase GitHub app by visiting this url: 
[info] i  	http://localhost:9005 
